CRITICAL - 2020-11-27 14:55:59 --> Use of undefined constant base_url - assumed 'base_url' (this will throw an Error in a future version of PHP)
#0 C:\xampp\htdocs\Proyecto\app\Views\header.php(6): CodeIgniter\Debug\Exceptions->errorHandler(2, 'Use of undefine...', 'C:\\xampp\\htdocs...', 6, Array)
#1 C:\xampp\htdocs\Proyecto\system\View\View.php(246): include('C:\\xampp\\htdocs...')
#2 C:\xampp\htdocs\Proyecto\system\Common.php(1119): CodeIgniter\View\View->render('header', Array, true)
#3 C:\xampp\htdocs\Proyecto\app\Controllers\Osito.php(8): view('header', Array)
#4 C:\xampp\htdocs\Proyecto\system\CodeIgniter.php(918): App\Controllers\Osito->index()
#5 C:\xampp\htdocs\Proyecto\system\CodeIgniter.php(404): CodeIgniter\CodeIgniter->runController(Object(App\Controllers\Osito))
#6 C:\xampp\htdocs\Proyecto\system\CodeIgniter.php(312): CodeIgniter\CodeIgniter->handleRequest(NULL, Object(Config\Cache), false)
#7 C:\xampp\htdocs\Proyecto\index.php(45): CodeIgniter\CodeIgniter->run()
#8 {main}
CRITICAL - 2020-11-27 14:56:08 --> Use of undefined constant base_url - assumed 'base_url' (this will throw an Error in a future version of PHP)
#0 C:\xampp\htdocs\Proyecto\app\Views\header.php(6): CodeIgniter\Debug\Exceptions->errorHandler(2, 'Use of undefine...', 'C:\\xampp\\htdocs...', 6, Array)
#1 C:\xampp\htdocs\Proyecto\system\View\View.php(246): include('C:\\xampp\\htdocs...')
#2 C:\xampp\htdocs\Proyecto\system\Common.php(1119): CodeIgniter\View\View->render('header', Array, true)
#3 C:\xampp\htdocs\Proyecto\app\Controllers\Osito.php(8): view('header', Array)
#4 C:\xampp\htdocs\Proyecto\system\CodeIgniter.php(918): App\Controllers\Osito->index()
#5 C:\xampp\htdocs\Proyecto\system\CodeIgniter.php(404): CodeIgniter\CodeIgniter->runController(Object(App\Controllers\Osito))
#6 C:\xampp\htdocs\Proyecto\system\CodeIgniter.php(312): CodeIgniter\CodeIgniter->handleRequest(NULL, Object(Config\Cache), false)
#7 C:\xampp\htdocs\Proyecto\index.php(45): CodeIgniter\CodeIgniter->run()
#8 {main}
CRITICAL - 2020-11-27 14:56:34 --> Use of undefined constant base_url - assumed 'base_url' (this will throw an Error in a future version of PHP)
#0 C:\xampp\htdocs\Proyecto\app\Views\header.php(6): CodeIgniter\Debug\Exceptions->errorHandler(2, 'Use of undefine...', 'C:\\xampp\\htdocs...', 6, Array)
#1 C:\xampp\htdocs\Proyecto\system\View\View.php(246): include('C:\\xampp\\htdocs...')
#2 C:\xampp\htdocs\Proyecto\system\Common.php(1119): CodeIgniter\View\View->render('header', Array, true)
#3 C:\xampp\htdocs\Proyecto\app\Controllers\Osito.php(8): view('header', Array)
#4 C:\xampp\htdocs\Proyecto\system\CodeIgniter.php(918): App\Controllers\Osito->index()
#5 C:\xampp\htdocs\Proyecto\system\CodeIgniter.php(404): CodeIgniter\CodeIgniter->runController(Object(App\Controllers\Osito))
#6 C:\xampp\htdocs\Proyecto\system\CodeIgniter.php(312): CodeIgniter\CodeIgniter->handleRequest(NULL, Object(Config\Cache), false)
#7 C:\xampp\htdocs\Proyecto\index.php(45): CodeIgniter\CodeIgniter->run()
#8 {main}
CRITICAL - 2020-11-27 14:56:34 --> Use of undefined constant base_url - assumed 'base_url' (this will throw an Error in a future version of PHP)
#0 C:\xampp\htdocs\Proyecto\app\Views\header.php(6): CodeIgniter\Debug\Exceptions->errorHandler(2, 'Use of undefine...', 'C:\\xampp\\htdocs...', 6, Array)
#1 C:\xampp\htdocs\Proyecto\system\View\View.php(246): include('C:\\xampp\\htdocs...')
#2 C:\xampp\htdocs\Proyecto\system\Common.php(1119): CodeIgniter\View\View->render('header', Array, true)
#3 C:\xampp\htdocs\Proyecto\app\Controllers\Osito.php(8): view('header', Array)
#4 C:\xampp\htdocs\Proyecto\system\CodeIgniter.php(918): App\Controllers\Osito->index()
#5 C:\xampp\htdocs\Proyecto\system\CodeIgniter.php(404): CodeIgniter\CodeIgniter->runController(Object(App\Controllers\Osito))
#6 C:\xampp\htdocs\Proyecto\system\CodeIgniter.php(312): CodeIgniter\CodeIgniter->handleRequest(NULL, Object(Config\Cache), false)
#7 C:\xampp\htdocs\Proyecto\index.php(45): CodeIgniter\CodeIgniter->run()
#8 {main}
CRITICAL - 2020-11-27 14:56:35 --> Use of undefined constant base_url - assumed 'base_url' (this will throw an Error in a future version of PHP)
#0 C:\xampp\htdocs\Proyecto\app\Views\header.php(6): CodeIgniter\Debug\Exceptions->errorHandler(2, 'Use of undefine...', 'C:\\xampp\\htdocs...', 6, Array)
#1 C:\xampp\htdocs\Proyecto\system\View\View.php(246): include('C:\\xampp\\htdocs...')
#2 C:\xampp\htdocs\Proyecto\system\Common.php(1119): CodeIgniter\View\View->render('header', Array, true)
#3 C:\xampp\htdocs\Proyecto\app\Controllers\Osito.php(8): view('header', Array)
#4 C:\xampp\htdocs\Proyecto\system\CodeIgniter.php(918): App\Controllers\Osito->index()
#5 C:\xampp\htdocs\Proyecto\system\CodeIgniter.php(404): CodeIgniter\CodeIgniter->runController(Object(App\Controllers\Osito))
#6 C:\xampp\htdocs\Proyecto\system\CodeIgniter.php(312): CodeIgniter\CodeIgniter->handleRequest(NULL, Object(Config\Cache), false)
#7 C:\xampp\htdocs\Proyecto\index.php(45): CodeIgniter\CodeIgniter->run()
#8 {main}
CRITICAL - 2020-11-27 14:58:08 --> Use of undefined constant base_url - assumed 'base_url' (this will throw an Error in a future version of PHP)
#0 C:\xampp\htdocs\Proyecto\app\Views\header.php(10): CodeIgniter\Debug\Exceptions->errorHandler(2, 'Use of undefine...', 'C:\\xampp\\htdocs...', 10, Array)
#1 C:\xampp\htdocs\Proyecto\system\View\View.php(246): include('C:\\xampp\\htdocs...')
#2 C:\xampp\htdocs\Proyecto\system\Common.php(1119): CodeIgniter\View\View->render('header', Array, true)
#3 C:\xampp\htdocs\Proyecto\app\Controllers\Osito.php(8): view('header', Array)
#4 C:\xampp\htdocs\Proyecto\system\CodeIgniter.php(918): App\Controllers\Osito->index()
#5 C:\xampp\htdocs\Proyecto\system\CodeIgniter.php(404): CodeIgniter\CodeIgniter->runController(Object(App\Controllers\Osito))
#6 C:\xampp\htdocs\Proyecto\system\CodeIgniter.php(312): CodeIgniter\CodeIgniter->handleRequest(NULL, Object(Config\Cache), false)
#7 C:\xampp\htdocs\Proyecto\index.php(45): CodeIgniter\CodeIgniter->run()
#8 {main}
CRITICAL - 2020-11-27 14:58:08 --> Use of undefined constant base_url - assumed 'base_url' (this will throw an Error in a future version of PHP)
#0 C:\xampp\htdocs\Proyecto\app\Views\header.php(10): CodeIgniter\Debug\Exceptions->errorHandler(2, 'Use of undefine...', 'C:\\xampp\\htdocs...', 10, Array)
#1 C:\xampp\htdocs\Proyecto\system\View\View.php(246): include('C:\\xampp\\htdocs...')
#2 C:\xampp\htdocs\Proyecto\system\Common.php(1119): CodeIgniter\View\View->render('header', Array, true)
#3 C:\xampp\htdocs\Proyecto\app\Controllers\Osito.php(8): view('header', Array)
#4 C:\xampp\htdocs\Proyecto\system\CodeIgniter.php(918): App\Controllers\Osito->index()
#5 C:\xampp\htdocs\Proyecto\system\CodeIgniter.php(404): CodeIgniter\CodeIgniter->runController(Object(App\Controllers\Osito))
#6 C:\xampp\htdocs\Proyecto\system\CodeIgniter.php(312): CodeIgniter\CodeIgniter->handleRequest(NULL, Object(Config\Cache), false)
#7 C:\xampp\htdocs\Proyecto\index.php(45): CodeIgniter\CodeIgniter->run()
#8 {main}
CRITICAL - 2020-11-27 14:58:08 --> Use of undefined constant base_url - assumed 'base_url' (this will throw an Error in a future version of PHP)
#0 C:\xampp\htdocs\Proyecto\app\Views\header.php(10): CodeIgniter\Debug\Exceptions->errorHandler(2, 'Use of undefine...', 'C:\\xampp\\htdocs...', 10, Array)
#1 C:\xampp\htdocs\Proyecto\system\View\View.php(246): include('C:\\xampp\\htdocs...')
#2 C:\xampp\htdocs\Proyecto\system\Common.php(1119): CodeIgniter\View\View->render('header', Array, true)
#3 C:\xampp\htdocs\Proyecto\app\Controllers\Osito.php(8): view('header', Array)
#4 C:\xampp\htdocs\Proyecto\system\CodeIgniter.php(918): App\Controllers\Osito->index()
#5 C:\xampp\htdocs\Proyecto\system\CodeIgniter.php(404): CodeIgniter\CodeIgniter->runController(Object(App\Controllers\Osito))
#6 C:\xampp\htdocs\Proyecto\system\CodeIgniter.php(312): CodeIgniter\CodeIgniter->handleRequest(NULL, Object(Config\Cache), false)
#7 C:\xampp\htdocs\Proyecto\index.php(45): CodeIgniter\CodeIgniter->run()
#8 {main}
CRITICAL - 2020-11-27 14:58:35 --> Use of undefined constant base_url - assumed 'base_url' (this will throw an Error in a future version of PHP)
#0 C:\xampp\htdocs\Proyecto\app\Views\header.php(6): CodeIgniter\Debug\Exceptions->errorHandler(2, 'Use of undefine...', 'C:\\xampp\\htdocs...', 6, Array)
#1 C:\xampp\htdocs\Proyecto\system\View\View.php(246): include('C:\\xampp\\htdocs...')
#2 C:\xampp\htdocs\Proyecto\system\Common.php(1119): CodeIgniter\View\View->render('header', Array, true)
#3 C:\xampp\htdocs\Proyecto\app\Controllers\Osito.php(8): view('header', Array)
#4 C:\xampp\htdocs\Proyecto\system\CodeIgniter.php(918): App\Controllers\Osito->index()
#5 C:\xampp\htdocs\Proyecto\system\CodeIgniter.php(404): CodeIgniter\CodeIgniter->runController(Object(App\Controllers\Osito))
#6 C:\xampp\htdocs\Proyecto\system\CodeIgniter.php(312): CodeIgniter\CodeIgniter->handleRequest(NULL, Object(Config\Cache), false)
#7 C:\xampp\htdocs\Proyecto\index.php(45): CodeIgniter\CodeIgniter->run()
#8 {main}
CRITICAL - 2020-11-27 14:58:36 --> Use of undefined constant base_url - assumed 'base_url' (this will throw an Error in a future version of PHP)
#0 C:\xampp\htdocs\Proyecto\app\Views\header.php(6): CodeIgniter\Debug\Exceptions->errorHandler(2, 'Use of undefine...', 'C:\\xampp\\htdocs...', 6, Array)
#1 C:\xampp\htdocs\Proyecto\system\View\View.php(246): include('C:\\xampp\\htdocs...')
#2 C:\xampp\htdocs\Proyecto\system\Common.php(1119): CodeIgniter\View\View->render('header', Array, true)
#3 C:\xampp\htdocs\Proyecto\app\Controllers\Osito.php(8): view('header', Array)
#4 C:\xampp\htdocs\Proyecto\system\CodeIgniter.php(918): App\Controllers\Osito->index()
#5 C:\xampp\htdocs\Proyecto\system\CodeIgniter.php(404): CodeIgniter\CodeIgniter->runController(Object(App\Controllers\Osito))
#6 C:\xampp\htdocs\Proyecto\system\CodeIgniter.php(312): CodeIgniter\CodeIgniter->handleRequest(NULL, Object(Config\Cache), false)
#7 C:\xampp\htdocs\Proyecto\index.php(45): CodeIgniter\CodeIgniter->run()
#8 {main}
CRITICAL - 2020-11-27 14:58:36 --> Use of undefined constant base_url - assumed 'base_url' (this will throw an Error in a future version of PHP)
#0 C:\xampp\htdocs\Proyecto\app\Views\header.php(6): CodeIgniter\Debug\Exceptions->errorHandler(2, 'Use of undefine...', 'C:\\xampp\\htdocs...', 6, Array)
#1 C:\xampp\htdocs\Proyecto\system\View\View.php(246): include('C:\\xampp\\htdocs...')
#2 C:\xampp\htdocs\Proyecto\system\Common.php(1119): CodeIgniter\View\View->render('header', Array, true)
#3 C:\xampp\htdocs\Proyecto\app\Controllers\Osito.php(8): view('header', Array)
#4 C:\xampp\htdocs\Proyecto\system\CodeIgniter.php(918): App\Controllers\Osito->index()
#5 C:\xampp\htdocs\Proyecto\system\CodeIgniter.php(404): CodeIgniter\CodeIgniter->runController(Object(App\Controllers\Osito))
#6 C:\xampp\htdocs\Proyecto\system\CodeIgniter.php(312): CodeIgniter\CodeIgniter->handleRequest(NULL, Object(Config\Cache), false)
#7 C:\xampp\htdocs\Proyecto\index.php(45): CodeIgniter\CodeIgniter->run()
#8 {main}
CRITICAL - 2020-11-27 14:58:36 --> Use of undefined constant base_url - assumed 'base_url' (this will throw an Error in a future version of PHP)
#0 C:\xampp\htdocs\Proyecto\app\Views\header.php(6): CodeIgniter\Debug\Exceptions->errorHandler(2, 'Use of undefine...', 'C:\\xampp\\htdocs...', 6, Array)
#1 C:\xampp\htdocs\Proyecto\system\View\View.php(246): include('C:\\xampp\\htdocs...')
#2 C:\xampp\htdocs\Proyecto\system\Common.php(1119): CodeIgniter\View\View->render('header', Array, true)
#3 C:\xampp\htdocs\Proyecto\app\Controllers\Osito.php(8): view('header', Array)
#4 C:\xampp\htdocs\Proyecto\system\CodeIgniter.php(918): App\Controllers\Osito->index()
#5 C:\xampp\htdocs\Proyecto\system\CodeIgniter.php(404): CodeIgniter\CodeIgniter->runController(Object(App\Controllers\Osito))
#6 C:\xampp\htdocs\Proyecto\system\CodeIgniter.php(312): CodeIgniter\CodeIgniter->handleRequest(NULL, Object(Config\Cache), false)
#7 C:\xampp\htdocs\Proyecto\index.php(45): CodeIgniter\CodeIgniter->run()
#8 {main}
CRITICAL - 2020-11-27 14:59:19 --> Use of undefined constant base_url - assumed 'base_url' (this will throw an Error in a future version of PHP)
#0 C:\xampp\htdocs\Proyecto\app\Views\header.php(6): CodeIgniter\Debug\Exceptions->errorHandler(2, 'Use of undefine...', 'C:\\xampp\\htdocs...', 6, Array)
#1 C:\xampp\htdocs\Proyecto\system\View\View.php(246): include('C:\\xampp\\htdocs...')
#2 C:\xampp\htdocs\Proyecto\system\Common.php(1119): CodeIgniter\View\View->render('header', Array, true)
#3 C:\xampp\htdocs\Proyecto\app\Controllers\Osito.php(8): view('header', Array)
#4 C:\xampp\htdocs\Proyecto\system\CodeIgniter.php(918): App\Controllers\Osito->index()
#5 C:\xampp\htdocs\Proyecto\system\CodeIgniter.php(404): CodeIgniter\CodeIgniter->runController(Object(App\Controllers\Osito))
#6 C:\xampp\htdocs\Proyecto\system\CodeIgniter.php(312): CodeIgniter\CodeIgniter->handleRequest(NULL, Object(Config\Cache), false)
#7 C:\xampp\htdocs\Proyecto\index.php(45): CodeIgniter\CodeIgniter->run()
#8 {main}
CRITICAL - 2020-11-27 15:01:01 --> Use of undefined constant base_url - assumed 'base_url' (this will throw an Error in a future version of PHP)
#0 C:\xampp\htdocs\Proyecto\app\Views\header.php(6): CodeIgniter\Debug\Exceptions->errorHandler(2, 'Use of undefine...', 'C:\\xampp\\htdocs...', 6, Array)
#1 C:\xampp\htdocs\Proyecto\system\View\View.php(246): include('C:\\xampp\\htdocs...')
#2 C:\xampp\htdocs\Proyecto\system\Common.php(1119): CodeIgniter\View\View->render('header', Array, true)
#3 C:\xampp\htdocs\Proyecto\app\Controllers\Osito.php(8): view('header', Array)
#4 C:\xampp\htdocs\Proyecto\system\CodeIgniter.php(918): App\Controllers\Osito->index()
#5 C:\xampp\htdocs\Proyecto\system\CodeIgniter.php(404): CodeIgniter\CodeIgniter->runController(Object(App\Controllers\Osito))
#6 C:\xampp\htdocs\Proyecto\system\CodeIgniter.php(312): CodeIgniter\CodeIgniter->handleRequest(NULL, Object(Config\Cache), false)
#7 C:\xampp\htdocs\Proyecto\index.php(45): CodeIgniter\CodeIgniter->run()
#8 {main}
CRITICAL - 2020-11-27 15:01:37 --> Use of undefined constant base_url - assumed 'base_url' (this will throw an Error in a future version of PHP)
#0 C:\xampp\htdocs\Proyecto\app\Views\header.php(6): CodeIgniter\Debug\Exceptions->errorHandler(2, 'Use of undefine...', 'C:\\xampp\\htdocs...', 6, Array)
#1 C:\xampp\htdocs\Proyecto\system\View\View.php(246): include('C:\\xampp\\htdocs...')
#2 C:\xampp\htdocs\Proyecto\system\Common.php(1119): CodeIgniter\View\View->render('header', Array, true)
#3 C:\xampp\htdocs\Proyecto\app\Controllers\Osito.php(8): view('header', Array)
#4 C:\xampp\htdocs\Proyecto\system\CodeIgniter.php(918): App\Controllers\Osito->index()
#5 C:\xampp\htdocs\Proyecto\system\CodeIgniter.php(404): CodeIgniter\CodeIgniter->runController(Object(App\Controllers\Osito))
#6 C:\xampp\htdocs\Proyecto\system\CodeIgniter.php(312): CodeIgniter\CodeIgniter->handleRequest(NULL, Object(Config\Cache), false)
#7 C:\xampp\htdocs\Proyecto\index.php(45): CodeIgniter\CodeIgniter->run()
#8 {main}
CRITICAL - 2020-11-27 15:01:38 --> Use of undefined constant base_url - assumed 'base_url' (this will throw an Error in a future version of PHP)
#0 C:\xampp\htdocs\Proyecto\app\Views\header.php(6): CodeIgniter\Debug\Exceptions->errorHandler(2, 'Use of undefine...', 'C:\\xampp\\htdocs...', 6, Array)
#1 C:\xampp\htdocs\Proyecto\system\View\View.php(246): include('C:\\xampp\\htdocs...')
#2 C:\xampp\htdocs\Proyecto\system\Common.php(1119): CodeIgniter\View\View->render('header', Array, true)
#3 C:\xampp\htdocs\Proyecto\app\Controllers\Osito.php(8): view('header', Array)
#4 C:\xampp\htdocs\Proyecto\system\CodeIgniter.php(918): App\Controllers\Osito->index()
#5 C:\xampp\htdocs\Proyecto\system\CodeIgniter.php(404): CodeIgniter\CodeIgniter->runController(Object(App\Controllers\Osito))
#6 C:\xampp\htdocs\Proyecto\system\CodeIgniter.php(312): CodeIgniter\CodeIgniter->handleRequest(NULL, Object(Config\Cache), false)
#7 C:\xampp\htdocs\Proyecto\index.php(45): CodeIgniter\CodeIgniter->run()
#8 {main}
CRITICAL - 2020-11-27 15:14:29 --> Use of undefined constant base_url - assumed 'base_url' (this will throw an Error in a future version of PHP)
#0 C:\xampp\htdocs\Proyecto\app\Views\header.php(6): CodeIgniter\Debug\Exceptions->errorHandler(2, 'Use of undefine...', 'C:\\xampp\\htdocs...', 6, Array)
#1 C:\xampp\htdocs\Proyecto\system\View\View.php(246): include('C:\\xampp\\htdocs...')
#2 C:\xampp\htdocs\Proyecto\system\Common.php(1119): CodeIgniter\View\View->render('header', Array, true)
#3 C:\xampp\htdocs\Proyecto\app\Controllers\Osito.php(8): view('header', Array)
#4 C:\xampp\htdocs\Proyecto\system\CodeIgniter.php(918): App\Controllers\Osito->index()
#5 C:\xampp\htdocs\Proyecto\system\CodeIgniter.php(404): CodeIgniter\CodeIgniter->runController(Object(App\Controllers\Osito))
#6 C:\xampp\htdocs\Proyecto\system\CodeIgniter.php(312): CodeIgniter\CodeIgniter->handleRequest(NULL, Object(Config\Cache), false)
#7 C:\xampp\htdocs\Proyecto\index.php(45): CodeIgniter\CodeIgniter->run()
#8 {main}
CRITICAL - 2020-11-27 15:14:39 --> Use of undefined constant base_url - assumed 'base_url' (this will throw an Error in a future version of PHP)
#0 C:\xampp\htdocs\Proyecto\app\Views\header.php(6): CodeIgniter\Debug\Exceptions->errorHandler(2, 'Use of undefine...', 'C:\\xampp\\htdocs...', 6, Array)
#1 C:\xampp\htdocs\Proyecto\system\View\View.php(246): include('C:\\xampp\\htdocs...')
#2 C:\xampp\htdocs\Proyecto\system\Common.php(1119): CodeIgniter\View\View->render('header', Array, true)
#3 C:\xampp\htdocs\Proyecto\app\Controllers\Osito.php(8): view('header', Array)
#4 C:\xampp\htdocs\Proyecto\system\CodeIgniter.php(918): App\Controllers\Osito->index()
#5 C:\xampp\htdocs\Proyecto\system\CodeIgniter.php(404): CodeIgniter\CodeIgniter->runController(Object(App\Controllers\Osito))
#6 C:\xampp\htdocs\Proyecto\system\CodeIgniter.php(312): CodeIgniter\CodeIgniter->handleRequest(NULL, Object(Config\Cache), false)
#7 C:\xampp\htdocs\Proyecto\index.php(45): CodeIgniter\CodeIgniter->run()
#8 {main}
CRITICAL - 2020-11-27 15:28:03 --> Use of undefined constant base_url - assumed 'base_url' (this will throw an Error in a future version of PHP)
#0 C:\xampp\htdocs\Proyecto\app\Views\header.php(6): CodeIgniter\Debug\Exceptions->errorHandler(2, 'Use of undefine...', 'C:\\xampp\\htdocs...', 6, Array)
#1 C:\xampp\htdocs\Proyecto\system\View\View.php(246): include('C:\\xampp\\htdocs...')
#2 C:\xampp\htdocs\Proyecto\system\Common.php(1119): CodeIgniter\View\View->render('header', Array, true)
#3 C:\xampp\htdocs\Proyecto\app\Controllers\Osito.php(8): view('header', Array)
#4 C:\xampp\htdocs\Proyecto\system\CodeIgniter.php(918): App\Controllers\Osito->index()
#5 C:\xampp\htdocs\Proyecto\system\CodeIgniter.php(404): CodeIgniter\CodeIgniter->runController(Object(App\Controllers\Osito))
#6 C:\xampp\htdocs\Proyecto\system\CodeIgniter.php(312): CodeIgniter\CodeIgniter->handleRequest(NULL, Object(Config\Cache), false)
#7 C:\xampp\htdocs\Proyecto\index.php(45): CodeIgniter\CodeIgniter->run()
#8 {main}
