CRITICAL - 2020-12-10 17:04:59 --> Class 'App\Controllers\personasModel' not found
#0 C:\xampp\htdocs\Practica-formulario\system\CodeIgniter.php(918): App\Controllers\loginregister->login()
#1 C:\xampp\htdocs\Practica-formulario\system\CodeIgniter.php(404): CodeIgniter\CodeIgniter->runController(Object(App\Controllers\loginregister))
#2 C:\xampp\htdocs\Practica-formulario\system\CodeIgniter.php(312): CodeIgniter\CodeIgniter->handleRequest(NULL, Object(Config\Cache), false)
#3 C:\xampp\htdocs\Practica-formulario\index.php(45): CodeIgniter\CodeIgniter->run()
#4 {main}
CRITICAL - 2020-12-10 17:06:45 --> Class 'App\Controllers\personasModel' not found
#0 C:\xampp\htdocs\Practica-formulario\system\CodeIgniter.php(918): App\Controllers\loginregister->login()
#1 C:\xampp\htdocs\Practica-formulario\system\CodeIgniter.php(404): CodeIgniter\CodeIgniter->runController(Object(App\Controllers\loginregister))
#2 C:\xampp\htdocs\Practica-formulario\system\CodeIgniter.php(312): CodeIgniter\CodeIgniter->handleRequest(NULL, Object(Config\Cache), false)
#3 C:\xampp\htdocs\Practica-formulario\index.php(45): CodeIgniter\CodeIgniter->run()
#4 {main}
CRITICAL - 2020-12-10 17:41:24 --> Class 'App\Controllers\personasModel' not found
#0 C:\xampp\htdocs\Practica-formulario\system\CodeIgniter.php(918): App\Controllers\loginregister->login()
#1 C:\xampp\htdocs\Practica-formulario\system\CodeIgniter.php(404): CodeIgniter\CodeIgniter->runController(Object(App\Controllers\loginregister))
#2 C:\xampp\htdocs\Practica-formulario\system\CodeIgniter.php(312): CodeIgniter\CodeIgniter->handleRequest(NULL, Object(Config\Cache), false)
#3 C:\xampp\htdocs\Practica-formulario\index.php(45): CodeIgniter\CodeIgniter->run()
#4 {main}
CRITICAL - 2020-12-10 17:52:52 --> Invalid argument supplied for foreach()
#0 C:\xampp\htdocs\Practica-formulario\app\Views\tabla.php(15): CodeIgniter\Debug\Exceptions->errorHandler(2, 'Invalid argumen...', 'C:\\xampp\\htdocs...', 15, Array)
#1 C:\xampp\htdocs\Practica-formulario\system\View\View.php(246): include('C:\\xampp\\htdocs...')
#2 C:\xampp\htdocs\Practica-formulario\system\Common.php(1119): CodeIgniter\View\View->render('tabla', Array, true)
#3 C:\xampp\htdocs\Practica-formulario\app\Controllers\Home.php(40): view('tabla', Array)
#4 C:\xampp\htdocs\Practica-formulario\system\CodeIgniter.php(918): App\Controllers\Home->tabla()
#5 C:\xampp\htdocs\Practica-formulario\system\CodeIgniter.php(404): CodeIgniter\CodeIgniter->runController(Object(App\Controllers\Home))
#6 C:\xampp\htdocs\Practica-formulario\system\CodeIgniter.php(312): CodeIgniter\CodeIgniter->handleRequest(NULL, Object(Config\Cache), false)
#7 C:\xampp\htdocs\Practica-formulario\index.php(45): CodeIgniter\CodeIgniter->run()
#8 {main}
CRITICAL - 2020-12-10 17:53:10 --> Invalid argument supplied for foreach()
#0 C:\xampp\htdocs\Practica-formulario\app\Views\tabla.php(15): CodeIgniter\Debug\Exceptions->errorHandler(2, 'Invalid argumen...', 'C:\\xampp\\htdocs...', 15, Array)
#1 C:\xampp\htdocs\Practica-formulario\system\View\View.php(246): include('C:\\xampp\\htdocs...')
#2 C:\xampp\htdocs\Practica-formulario\system\Common.php(1119): CodeIgniter\View\View->render('tabla', Array, true)
#3 C:\xampp\htdocs\Practica-formulario\app\Controllers\Home.php(40): view('tabla', Array)
#4 C:\xampp\htdocs\Practica-formulario\system\CodeIgniter.php(918): App\Controllers\Home->tabla()
#5 C:\xampp\htdocs\Practica-formulario\system\CodeIgniter.php(404): CodeIgniter\CodeIgniter->runController(Object(App\Controllers\Home))
#6 C:\xampp\htdocs\Practica-formulario\system\CodeIgniter.php(312): CodeIgniter\CodeIgniter->handleRequest(NULL, Object(Config\Cache), false)
#7 C:\xampp\htdocs\Practica-formulario\index.php(45): CodeIgniter\CodeIgniter->run()
#8 {main}
CRITICAL - 2020-12-10 17:53:11 --> Invalid argument supplied for foreach()
#0 C:\xampp\htdocs\Practica-formulario\app\Views\tabla.php(15): CodeIgniter\Debug\Exceptions->errorHandler(2, 'Invalid argumen...', 'C:\\xampp\\htdocs...', 15, Array)
#1 C:\xampp\htdocs\Practica-formulario\system\View\View.php(246): include('C:\\xampp\\htdocs...')
#2 C:\xampp\htdocs\Practica-formulario\system\Common.php(1119): CodeIgniter\View\View->render('tabla', Array, true)
#3 C:\xampp\htdocs\Practica-formulario\app\Controllers\Home.php(40): view('tabla', Array)
#4 C:\xampp\htdocs\Practica-formulario\system\CodeIgniter.php(918): App\Controllers\Home->tabla()
#5 C:\xampp\htdocs\Practica-formulario\system\CodeIgniter.php(404): CodeIgniter\CodeIgniter->runController(Object(App\Controllers\Home))
#6 C:\xampp\htdocs\Practica-formulario\system\CodeIgniter.php(312): CodeIgniter\CodeIgniter->handleRequest(NULL, Object(Config\Cache), false)
#7 C:\xampp\htdocs\Practica-formulario\index.php(45): CodeIgniter\CodeIgniter->run()
#8 {main}
CRITICAL - 2020-12-10 18:00:27 --> Class 'App\Controllers\fotoModel' not found
#0 C:\xampp\htdocs\Practica-formulario\system\CodeIgniter.php(918): App\Controllers\Home->tabla()
#1 C:\xampp\htdocs\Practica-formulario\system\CodeIgniter.php(404): CodeIgniter\CodeIgniter->runController(Object(App\Controllers\Home))
#2 C:\xampp\htdocs\Practica-formulario\system\CodeIgniter.php(312): CodeIgniter\CodeIgniter->handleRequest(NULL, Object(Config\Cache), false)
#3 C:\xampp\htdocs\Practica-formulario\index.php(45): CodeIgniter\CodeIgniter->run()
#4 {main}
CRITICAL - 2020-12-10 18:00:49 --> Class 'App\Controllers\fotoModel' not found
#0 C:\xampp\htdocs\Practica-formulario\system\CodeIgniter.php(918): App\Controllers\Home->tabla()
#1 C:\xampp\htdocs\Practica-formulario\system\CodeIgniter.php(404): CodeIgniter\CodeIgniter->runController(Object(App\Controllers\Home))
#2 C:\xampp\htdocs\Practica-formulario\system\CodeIgniter.php(312): CodeIgniter\CodeIgniter->handleRequest(NULL, Object(Config\Cache), false)
#3 C:\xampp\htdocs\Practica-formulario\index.php(45): CodeIgniter\CodeIgniter->run()
#4 {main}
CRITICAL - 2020-12-10 18:00:50 --> Class 'App\Controllers\fotoModel' not found
#0 C:\xampp\htdocs\Practica-formulario\system\CodeIgniter.php(918): App\Controllers\Home->tabla()
#1 C:\xampp\htdocs\Practica-formulario\system\CodeIgniter.php(404): CodeIgniter\CodeIgniter->runController(Object(App\Controllers\Home))
#2 C:\xampp\htdocs\Practica-formulario\system\CodeIgniter.php(312): CodeIgniter\CodeIgniter->handleRequest(NULL, Object(Config\Cache), false)
#3 C:\xampp\htdocs\Practica-formulario\index.php(45): CodeIgniter\CodeIgniter->run()
#4 {main}
CRITICAL - 2020-12-10 18:03:10 --> Class 'App\Controllers\fotoModel' not found
#0 C:\xampp\htdocs\Practica-formulario\system\CodeIgniter.php(918): App\Controllers\Home->tabla()
#1 C:\xampp\htdocs\Practica-formulario\system\CodeIgniter.php(404): CodeIgniter\CodeIgniter->runController(Object(App\Controllers\Home))
#2 C:\xampp\htdocs\Practica-formulario\system\CodeIgniter.php(312): CodeIgniter\CodeIgniter->handleRequest(NULL, Object(Config\Cache), false)
#3 C:\xampp\htdocs\Practica-formulario\index.php(45): CodeIgniter\CodeIgniter->run()
#4 {main}
CRITICAL - 2020-12-10 18:03:40 --> Class 'App\Controllers\fotoModel' not found
#0 C:\xampp\htdocs\Practica-formulario\system\CodeIgniter.php(918): App\Controllers\Home->tabla()
#1 C:\xampp\htdocs\Practica-formulario\system\CodeIgniter.php(404): CodeIgniter\CodeIgniter->runController(Object(App\Controllers\Home))
#2 C:\xampp\htdocs\Practica-formulario\system\CodeIgniter.php(312): CodeIgniter\CodeIgniter->handleRequest(NULL, Object(Config\Cache), false)
#3 C:\xampp\htdocs\Practica-formulario\index.php(45): CodeIgniter\CodeIgniter->run()
#4 {main}
CRITICAL - 2020-12-10 18:07:24 --> Class 'App\Controllers\personasModel' not found
#0 C:\xampp\htdocs\Practica-formulario\system\CodeIgniter.php(918): App\Controllers\loginregister->login()
#1 C:\xampp\htdocs\Practica-formulario\system\CodeIgniter.php(404): CodeIgniter\CodeIgniter->runController(Object(App\Controllers\loginregister))
#2 C:\xampp\htdocs\Practica-formulario\system\CodeIgniter.php(312): CodeIgniter\CodeIgniter->handleRequest(NULL, Object(Config\Cache), false)
#3 C:\xampp\htdocs\Practica-formulario\index.php(45): CodeIgniter\CodeIgniter->run()
#4 {main}
CRITICAL - 2020-12-10 18:22:32 --> Invalid argument supplied for foreach()
#0 C:\xampp\htdocs\Practica-formulario\app\Views\tabla.php(11): CodeIgniter\Debug\Exceptions->errorHandler(2, 'Invalid argumen...', 'C:\\xampp\\htdocs...', 11, Array)
#1 C:\xampp\htdocs\Practica-formulario\system\View\View.php(246): include('C:\\xampp\\htdocs...')
#2 C:\xampp\htdocs\Practica-formulario\system\Common.php(1119): CodeIgniter\View\View->render('tabla', Array, true)
#3 C:\xampp\htdocs\Practica-formulario\app\Controllers\admin.php(14): view('tabla')
#4 C:\xampp\htdocs\Practica-formulario\system\CodeIgniter.php(918): App\Controllers\admin->crear()
#5 C:\xampp\htdocs\Practica-formulario\system\CodeIgniter.php(404): CodeIgniter\CodeIgniter->runController(Object(App\Controllers\admin))
#6 C:\xampp\htdocs\Practica-formulario\system\CodeIgniter.php(312): CodeIgniter\CodeIgniter->handleRequest(NULL, Object(Config\Cache), false)
#7 C:\xampp\htdocs\Practica-formulario\index.php(45): CodeIgniter\CodeIgniter->run()
#8 {main}
CRITICAL - 2020-12-10 18:44:08 --> Call to a member function update() on null
#0 C:\xampp\htdocs\Practica-formulario\system\CodeIgniter.php(918): App\Controllers\admin->modificar()
#1 C:\xampp\htdocs\Practica-formulario\system\CodeIgniter.php(404): CodeIgniter\CodeIgniter->runController(Object(App\Controllers\admin))
#2 C:\xampp\htdocs\Practica-formulario\system\CodeIgniter.php(312): CodeIgniter\CodeIgniter->handleRequest(NULL, Object(Config\Cache), false)
#3 C:\xampp\htdocs\Practica-formulario\index.php(45): CodeIgniter\CodeIgniter->run()
#4 {main}
CRITICAL - 2020-12-10 19:09:05 --> Call to undefined function App\Controllers\getPost()
#0 C:\xampp\htdocs\Practica-formulario\system\CodeIgniter.php(918): App\Controllers\admin->crear()
#1 C:\xampp\htdocs\Practica-formulario\system\CodeIgniter.php(404): CodeIgniter\CodeIgniter->runController(Object(App\Controllers\admin))
#2 C:\xampp\htdocs\Practica-formulario\system\CodeIgniter.php(312): CodeIgniter\CodeIgniter->handleRequest(NULL, Object(Config\Cache), false)
#3 C:\xampp\htdocs\Practica-formulario\index.php(45): CodeIgniter\CodeIgniter->run()
#4 {main}
CRITICAL - 2020-12-10 19:09:07 --> Call to undefined function App\Controllers\getPost()
#0 C:\xampp\htdocs\Practica-formulario\system\CodeIgniter.php(918): App\Controllers\admin->crear()
#1 C:\xampp\htdocs\Practica-formulario\system\CodeIgniter.php(404): CodeIgniter\CodeIgniter->runController(Object(App\Controllers\admin))
#2 C:\xampp\htdocs\Practica-formulario\system\CodeIgniter.php(312): CodeIgniter\CodeIgniter->handleRequest(NULL, Object(Config\Cache), false)
#3 C:\xampp\htdocs\Practica-formulario\index.php(45): CodeIgniter\CodeIgniter->run()
#4 {main}
CRITICAL - 2020-12-10 19:09:30 --> Call to undefined function App\Controllers\getPost()
#0 C:\xampp\htdocs\Practica-formulario\system\CodeIgniter.php(918): App\Controllers\admin->crear()
#1 C:\xampp\htdocs\Practica-formulario\system\CodeIgniter.php(404): CodeIgniter\CodeIgniter->runController(Object(App\Controllers\admin))
#2 C:\xampp\htdocs\Practica-formulario\system\CodeIgniter.php(312): CodeIgniter\CodeIgniter->handleRequest(NULL, Object(Config\Cache), false)
#3 C:\xampp\htdocs\Practica-formulario\index.php(45): CodeIgniter\CodeIgniter->run()
#4 {main}
CRITICAL - 2020-12-10 19:09:30 --> Call to undefined function App\Controllers\getPost()
#0 C:\xampp\htdocs\Practica-formulario\system\CodeIgniter.php(918): App\Controllers\admin->crear()
#1 C:\xampp\htdocs\Practica-formulario\system\CodeIgniter.php(404): CodeIgniter\CodeIgniter->runController(Object(App\Controllers\admin))
#2 C:\xampp\htdocs\Practica-formulario\system\CodeIgniter.php(312): CodeIgniter\CodeIgniter->handleRequest(NULL, Object(Config\Cache), false)
#3 C:\xampp\htdocs\Practica-formulario\index.php(45): CodeIgniter\CodeIgniter->run()
#4 {main}
CRITICAL - 2020-12-10 19:09:31 --> Call to undefined function App\Controllers\getPost()
#0 C:\xampp\htdocs\Practica-formulario\system\CodeIgniter.php(918): App\Controllers\admin->crear()
#1 C:\xampp\htdocs\Practica-formulario\system\CodeIgniter.php(404): CodeIgniter\CodeIgniter->runController(Object(App\Controllers\admin))
#2 C:\xampp\htdocs\Practica-formulario\system\CodeIgniter.php(312): CodeIgniter\CodeIgniter->handleRequest(NULL, Object(Config\Cache), false)
#3 C:\xampp\htdocs\Practica-formulario\index.php(45): CodeIgniter\CodeIgniter->run()
#4 {main}
CRITICAL - 2020-12-10 19:10:26 --> Call to undefined function App\Controllers\getPost()
#0 C:\xampp\htdocs\Practica-formulario\system\CodeIgniter.php(918): App\Controllers\admin->crear()
#1 C:\xampp\htdocs\Practica-formulario\system\CodeIgniter.php(404): CodeIgniter\CodeIgniter->runController(Object(App\Controllers\admin))
#2 C:\xampp\htdocs\Practica-formulario\system\CodeIgniter.php(312): CodeIgniter\CodeIgniter->handleRequest(NULL, Object(Config\Cache), false)
#3 C:\xampp\htdocs\Practica-formulario\index.php(45): CodeIgniter\CodeIgniter->run()
#4 {main}
CRITICAL - 2020-12-10 19:10:26 --> Call to undefined function App\Controllers\getPost()
#0 C:\xampp\htdocs\Practica-formulario\system\CodeIgniter.php(918): App\Controllers\admin->crear()
#1 C:\xampp\htdocs\Practica-formulario\system\CodeIgniter.php(404): CodeIgniter\CodeIgniter->runController(Object(App\Controllers\admin))
#2 C:\xampp\htdocs\Practica-formulario\system\CodeIgniter.php(312): CodeIgniter\CodeIgniter->handleRequest(NULL, Object(Config\Cache), false)
#3 C:\xampp\htdocs\Practica-formulario\index.php(45): CodeIgniter\CodeIgniter->run()
#4 {main}
CRITICAL - 2020-12-10 19:10:26 --> Call to undefined function App\Controllers\getPost()
#0 C:\xampp\htdocs\Practica-formulario\system\CodeIgniter.php(918): App\Controllers\admin->crear()
#1 C:\xampp\htdocs\Practica-formulario\system\CodeIgniter.php(404): CodeIgniter\CodeIgniter->runController(Object(App\Controllers\admin))
#2 C:\xampp\htdocs\Practica-formulario\system\CodeIgniter.php(312): CodeIgniter\CodeIgniter->handleRequest(NULL, Object(Config\Cache), false)
#3 C:\xampp\htdocs\Practica-formulario\index.php(45): CodeIgniter\CodeIgniter->run()
#4 {main}
CRITICAL - 2020-12-10 19:12:59 --> Call to a member function insert() on null
#0 C:\xampp\htdocs\Practica-formulario\system\CodeIgniter.php(918): App\Controllers\admin->crear()
#1 C:\xampp\htdocs\Practica-formulario\system\CodeIgniter.php(404): CodeIgniter\CodeIgniter->runController(Object(App\Controllers\admin))
#2 C:\xampp\htdocs\Practica-formulario\system\CodeIgniter.php(312): CodeIgniter\CodeIgniter->handleRequest(NULL, Object(Config\Cache), false)
#3 C:\xampp\htdocs\Practica-formulario\index.php(45): CodeIgniter\CodeIgniter->run()
#4 {main}
CRITICAL - 2020-12-10 19:13:00 --> Call to a member function insert() on null
#0 C:\xampp\htdocs\Practica-formulario\system\CodeIgniter.php(918): App\Controllers\admin->crear()
#1 C:\xampp\htdocs\Practica-formulario\system\CodeIgniter.php(404): CodeIgniter\CodeIgniter->runController(Object(App\Controllers\admin))
#2 C:\xampp\htdocs\Practica-formulario\system\CodeIgniter.php(312): CodeIgniter\CodeIgniter->handleRequest(NULL, Object(Config\Cache), false)
#3 C:\xampp\htdocs\Practica-formulario\index.php(45): CodeIgniter\CodeIgniter->run()
#4 {main}
CRITICAL - 2020-12-10 19:13:42 --> Call to a member function insert() on null
#0 C:\xampp\htdocs\Practica-formulario\system\CodeIgniter.php(918): App\Controllers\admin->crear()
#1 C:\xampp\htdocs\Practica-formulario\system\CodeIgniter.php(404): CodeIgniter\CodeIgniter->runController(Object(App\Controllers\admin))
#2 C:\xampp\htdocs\Practica-formulario\system\CodeIgniter.php(312): CodeIgniter\CodeIgniter->handleRequest(NULL, Object(Config\Cache), false)
#3 C:\xampp\htdocs\Practica-formulario\index.php(45): CodeIgniter\CodeIgniter->run()
#4 {main}
CRITICAL - 2020-12-10 19:14:22 --> Argument 2 passed to view() must be of the type array, null given, called in C:\xampp\htdocs\Practica-formulario\app\Controllers\admin.php on line 28
#0 C:\xampp\htdocs\Practica-formulario\app\Controllers\admin.php(28): view('tabla', NULL)
#1 C:\xampp\htdocs\Practica-formulario\system\CodeIgniter.php(918): App\Controllers\admin->crear()
#2 C:\xampp\htdocs\Practica-formulario\system\CodeIgniter.php(404): CodeIgniter\CodeIgniter->runController(Object(App\Controllers\admin))
#3 C:\xampp\htdocs\Practica-formulario\system\CodeIgniter.php(312): CodeIgniter\CodeIgniter->handleRequest(NULL, Object(Config\Cache), false)
#4 C:\xampp\htdocs\Practica-formulario\index.php(45): CodeIgniter\CodeIgniter->run()
#5 {main}
CRITICAL - 2020-12-10 19:14:23 --> Argument 2 passed to view() must be of the type array, null given, called in C:\xampp\htdocs\Practica-formulario\app\Controllers\admin.php on line 28
#0 C:\xampp\htdocs\Practica-formulario\app\Controllers\admin.php(28): view('tabla', NULL)
#1 C:\xampp\htdocs\Practica-formulario\system\CodeIgniter.php(918): App\Controllers\admin->crear()
#2 C:\xampp\htdocs\Practica-formulario\system\CodeIgniter.php(404): CodeIgniter\CodeIgniter->runController(Object(App\Controllers\admin))
#3 C:\xampp\htdocs\Practica-formulario\system\CodeIgniter.php(312): CodeIgniter\CodeIgniter->handleRequest(NULL, Object(Config\Cache), false)
#4 C:\xampp\htdocs\Practica-formulario\index.php(45): CodeIgniter\CodeIgniter->run()
#5 {main}
CRITICAL - 2020-12-10 19:20:51 --> Invalid argument supplied for foreach()
#0 C:\xampp\htdocs\Practica-formulario\app\Views\tabla.php(11): CodeIgniter\Debug\Exceptions->errorHandler(2, 'Invalid argumen...', 'C:\\xampp\\htdocs...', 11, Array)
#1 C:\xampp\htdocs\Practica-formulario\system\View\View.php(246): include('C:\\xampp\\htdocs...')
#2 C:\xampp\htdocs\Practica-formulario\system\Common.php(1119): CodeIgniter\View\View->render('tabla', Array, true)
#3 C:\xampp\htdocs\Practica-formulario\app\Controllers\Home.php(38): view('tabla', Array)
#4 C:\xampp\htdocs\Practica-formulario\system\CodeIgniter.php(918): App\Controllers\Home->tabla()
#5 C:\xampp\htdocs\Practica-formulario\system\CodeIgniter.php(404): CodeIgniter\CodeIgniter->runController(Object(App\Controllers\Home))
#6 C:\xampp\htdocs\Practica-formulario\system\CodeIgniter.php(312): CodeIgniter\CodeIgniter->handleRequest(NULL, Object(Config\Cache), false)
#7 C:\xampp\htdocs\Practica-formulario\index.php(45): CodeIgniter\CodeIgniter->run()
#8 {main}
CRITICAL - 2020-12-10 19:28:17 --> syntax error, unexpected '->' (T_OBJECT_OPERATOR)
#0 C:\xampp\htdocs\Practica-formulario\system\Router\Router.php(195): CodeIgniter\Router\Router->autoRoute('admin/crear')
#1 C:\xampp\htdocs\Practica-formulario\system\CodeIgniter.php(793): CodeIgniter\Router\Router->handle('admin/crear')
#2 C:\xampp\htdocs\Practica-formulario\system\CodeIgniter.php(364): CodeIgniter\CodeIgniter->tryToRouteIt(Object(CodeIgniter\Router\RouteCollection))
#3 C:\xampp\htdocs\Practica-formulario\system\CodeIgniter.php(312): CodeIgniter\CodeIgniter->handleRequest(NULL, Object(Config\Cache), false)
#4 C:\xampp\htdocs\Practica-formulario\index.php(45): CodeIgniter\CodeIgniter->run()
#5 {main}
CRITICAL - 2020-12-10 19:28:45 --> Call to undefined function App\Controllers\getPost()
#0 C:\xampp\htdocs\Practica-formulario\system\CodeIgniter.php(918): App\Controllers\admin->borrar()
#1 C:\xampp\htdocs\Practica-formulario\system\CodeIgniter.php(404): CodeIgniter\CodeIgniter->runController(Object(App\Controllers\admin))
#2 C:\xampp\htdocs\Practica-formulario\system\CodeIgniter.php(312): CodeIgniter\CodeIgniter->handleRequest(NULL, Object(Config\Cache), false)
#3 C:\xampp\htdocs\Practica-formulario\index.php(45): CodeIgniter\CodeIgniter->run()
#4 {main}
CRITICAL - 2020-12-10 19:28:47 --> Call to undefined function App\Controllers\getPost()
#0 C:\xampp\htdocs\Practica-formulario\system\CodeIgniter.php(918): App\Controllers\admin->borrar()
#1 C:\xampp\htdocs\Practica-formulario\system\CodeIgniter.php(404): CodeIgniter\CodeIgniter->runController(Object(App\Controllers\admin))
#2 C:\xampp\htdocs\Practica-formulario\system\CodeIgniter.php(312): CodeIgniter\CodeIgniter->handleRequest(NULL, Object(Config\Cache), false)
#3 C:\xampp\htdocs\Practica-formulario\index.php(45): CodeIgniter\CodeIgniter->run()
#4 {main}
CRITICAL - 2020-12-10 19:28:48 --> Call to undefined function App\Controllers\getPost()
#0 C:\xampp\htdocs\Practica-formulario\system\CodeIgniter.php(918): App\Controllers\admin->borrar()
#1 C:\xampp\htdocs\Practica-formulario\system\CodeIgniter.php(404): CodeIgniter\CodeIgniter->runController(Object(App\Controllers\admin))
#2 C:\xampp\htdocs\Practica-formulario\system\CodeIgniter.php(312): CodeIgniter\CodeIgniter->handleRequest(NULL, Object(Config\Cache), false)
#3 C:\xampp\htdocs\Practica-formulario\index.php(45): CodeIgniter\CodeIgniter->run()
#4 {main}
CRITICAL - 2020-12-10 19:28:48 --> Call to undefined function App\Controllers\getPost()
#0 C:\xampp\htdocs\Practica-formulario\system\CodeIgniter.php(918): App\Controllers\admin->borrar()
#1 C:\xampp\htdocs\Practica-formulario\system\CodeIgniter.php(404): CodeIgniter\CodeIgniter->runController(Object(App\Controllers\admin))
#2 C:\xampp\htdocs\Practica-formulario\system\CodeIgniter.php(312): CodeIgniter\CodeIgniter->handleRequest(NULL, Object(Config\Cache), false)
#3 C:\xampp\htdocs\Practica-formulario\index.php(45): CodeIgniter\CodeIgniter->run()
#4 {main}
CRITICAL - 2020-12-10 19:30:21 --> Call to a member function withDeleted() on null
#0 C:\xampp\htdocs\Practica-formulario\system\CodeIgniter.php(918): App\Controllers\admin->borrar()
#1 C:\xampp\htdocs\Practica-formulario\system\CodeIgniter.php(404): CodeIgniter\CodeIgniter->runController(Object(App\Controllers\admin))
#2 C:\xampp\htdocs\Practica-formulario\system\CodeIgniter.php(312): CodeIgniter\CodeIgniter->handleRequest(NULL, Object(Config\Cache), false)
#3 C:\xampp\htdocs\Practica-formulario\index.php(45): CodeIgniter\CodeIgniter->run()
#4 {main}
CRITICAL - 2020-12-10 19:30:21 --> Call to a member function withDeleted() on null
#0 C:\xampp\htdocs\Practica-formulario\system\CodeIgniter.php(918): App\Controllers\admin->borrar()
#1 C:\xampp\htdocs\Practica-formulario\system\CodeIgniter.php(404): CodeIgniter\CodeIgniter->runController(Object(App\Controllers\admin))
#2 C:\xampp\htdocs\Practica-formulario\system\CodeIgniter.php(312): CodeIgniter\CodeIgniter->handleRequest(NULL, Object(Config\Cache), false)
#3 C:\xampp\htdocs\Practica-formulario\index.php(45): CodeIgniter\CodeIgniter->run()
#4 {main}
CRITICAL - 2020-12-10 19:30:21 --> Call to a member function withDeleted() on null
#0 C:\xampp\htdocs\Practica-formulario\system\CodeIgniter.php(918): App\Controllers\admin->borrar()
#1 C:\xampp\htdocs\Practica-formulario\system\CodeIgniter.php(404): CodeIgniter\CodeIgniter->runController(Object(App\Controllers\admin))
#2 C:\xampp\htdocs\Practica-formulario\system\CodeIgniter.php(312): CodeIgniter\CodeIgniter->handleRequest(NULL, Object(Config\Cache), false)
#3 C:\xampp\htdocs\Practica-formulario\index.php(45): CodeIgniter\CodeIgniter->run()
#4 {main}
CRITICAL - 2020-12-10 19:30:21 --> Call to a member function withDeleted() on null
#0 C:\xampp\htdocs\Practica-formulario\system\CodeIgniter.php(918): App\Controllers\admin->borrar()
#1 C:\xampp\htdocs\Practica-formulario\system\CodeIgniter.php(404): CodeIgniter\CodeIgniter->runController(Object(App\Controllers\admin))
#2 C:\xampp\htdocs\Practica-formulario\system\CodeIgniter.php(312): CodeIgniter\CodeIgniter->handleRequest(NULL, Object(Config\Cache), false)
#3 C:\xampp\htdocs\Practica-formulario\index.php(45): CodeIgniter\CodeIgniter->run()
#4 {main}
CRITICAL - 2020-12-10 19:30:33 --> Call to undefined function borrar()
#0 C:\xampp\htdocs\Practica-formulario\system\View\View.php(246): include()
#1 C:\xampp\htdocs\Practica-formulario\system\Common.php(1119): CodeIgniter\View\View->render('borrarAdmin', Array, true)
#2 C:\xampp\htdocs\Practica-formulario\app\Controllers\admin.php(18): view('borrarAdmin')
#3 C:\xampp\htdocs\Practica-formulario\system\CodeIgniter.php(918): App\Controllers\admin->borrar()
#4 C:\xampp\htdocs\Practica-formulario\system\CodeIgniter.php(404): CodeIgniter\CodeIgniter->runController(Object(App\Controllers\admin))
#5 C:\xampp\htdocs\Practica-formulario\system\CodeIgniter.php(312): CodeIgniter\CodeIgniter->handleRequest(NULL, Object(Config\Cache), false)
#6 C:\xampp\htdocs\Practica-formulario\index.php(45): CodeIgniter\CodeIgniter->run()
#7 {main}
CRITICAL - 2020-12-10 19:30:33 --> Call to undefined function borrar()
#0 C:\xampp\htdocs\Practica-formulario\system\View\View.php(246): include()
#1 C:\xampp\htdocs\Practica-formulario\system\Common.php(1119): CodeIgniter\View\View->render('borrarAdmin', Array, true)
#2 C:\xampp\htdocs\Practica-formulario\app\Controllers\admin.php(18): view('borrarAdmin')
#3 C:\xampp\htdocs\Practica-formulario\system\CodeIgniter.php(918): App\Controllers\admin->borrar()
#4 C:\xampp\htdocs\Practica-formulario\system\CodeIgniter.php(404): CodeIgniter\CodeIgniter->runController(Object(App\Controllers\admin))
#5 C:\xampp\htdocs\Practica-formulario\system\CodeIgniter.php(312): CodeIgniter\CodeIgniter->handleRequest(NULL, Object(Config\Cache), false)
#6 C:\xampp\htdocs\Practica-formulario\index.php(45): CodeIgniter\CodeIgniter->run()
#7 {main}
CRITICAL - 2020-12-10 19:30:33 --> Call to undefined function borrar()
#0 C:\xampp\htdocs\Practica-formulario\system\View\View.php(246): include()
#1 C:\xampp\htdocs\Practica-formulario\system\Common.php(1119): CodeIgniter\View\View->render('borrarAdmin', Array, true)
#2 C:\xampp\htdocs\Practica-formulario\app\Controllers\admin.php(18): view('borrarAdmin')
#3 C:\xampp\htdocs\Practica-formulario\system\CodeIgniter.php(918): App\Controllers\admin->borrar()
#4 C:\xampp\htdocs\Practica-formulario\system\CodeIgniter.php(404): CodeIgniter\CodeIgniter->runController(Object(App\Controllers\admin))
#5 C:\xampp\htdocs\Practica-formulario\system\CodeIgniter.php(312): CodeIgniter\CodeIgniter->handleRequest(NULL, Object(Config\Cache), false)
#6 C:\xampp\htdocs\Practica-formulario\index.php(45): CodeIgniter\CodeIgniter->run()
#7 {main}
CRITICAL - 2020-12-10 19:30:33 --> Call to undefined function borrar()
#0 C:\xampp\htdocs\Practica-formulario\system\View\View.php(246): include()
#1 C:\xampp\htdocs\Practica-formulario\system\Common.php(1119): CodeIgniter\View\View->render('borrarAdmin', Array, true)
#2 C:\xampp\htdocs\Practica-formulario\app\Controllers\admin.php(18): view('borrarAdmin')
#3 C:\xampp\htdocs\Practica-formulario\system\CodeIgniter.php(918): App\Controllers\admin->borrar()
#4 C:\xampp\htdocs\Practica-formulario\system\CodeIgniter.php(404): CodeIgniter\CodeIgniter->runController(Object(App\Controllers\admin))
#5 C:\xampp\htdocs\Practica-formulario\system\CodeIgniter.php(312): CodeIgniter\CodeIgniter->handleRequest(NULL, Object(Config\Cache), false)
#6 C:\xampp\htdocs\Practica-formulario\index.php(45): CodeIgniter\CodeIgniter->run()
#7 {main}
CRITICAL - 2020-12-10 19:30:51 --> Call to undefined function borrar()
#0 C:\xampp\htdocs\Practica-formulario\system\View\View.php(246): include()
#1 C:\xampp\htdocs\Practica-formulario\system\Common.php(1119): CodeIgniter\View\View->render('borrarAdmin', Array, true)
#2 C:\xampp\htdocs\Practica-formulario\app\Controllers\admin.php(18): view('borrarAdmin')
#3 C:\xampp\htdocs\Practica-formulario\system\CodeIgniter.php(918): App\Controllers\admin->borrar()
#4 C:\xampp\htdocs\Practica-formulario\system\CodeIgniter.php(404): CodeIgniter\CodeIgniter->runController(Object(App\Controllers\admin))
#5 C:\xampp\htdocs\Practica-formulario\system\CodeIgniter.php(312): CodeIgniter\CodeIgniter->handleRequest(NULL, Object(Config\Cache), false)
#6 C:\xampp\htdocs\Practica-formulario\index.php(45): CodeIgniter\CodeIgniter->run()
#7 {main}
CRITICAL - 2020-12-10 19:30:51 --> Call to undefined function borrar()
#0 C:\xampp\htdocs\Practica-formulario\system\View\View.php(246): include()
#1 C:\xampp\htdocs\Practica-formulario\system\Common.php(1119): CodeIgniter\View\View->render('borrarAdmin', Array, true)
#2 C:\xampp\htdocs\Practica-formulario\app\Controllers\admin.php(18): view('borrarAdmin')
#3 C:\xampp\htdocs\Practica-formulario\system\CodeIgniter.php(918): App\Controllers\admin->borrar()
#4 C:\xampp\htdocs\Practica-formulario\system\CodeIgniter.php(404): CodeIgniter\CodeIgniter->runController(Object(App\Controllers\admin))
#5 C:\xampp\htdocs\Practica-formulario\system\CodeIgniter.php(312): CodeIgniter\CodeIgniter->handleRequest(NULL, Object(Config\Cache), false)
#6 C:\xampp\htdocs\Practica-formulario\index.php(45): CodeIgniter\CodeIgniter->run()
#7 {main}
CRITICAL - 2020-12-10 19:30:51 --> Call to undefined function borrar()
#0 C:\xampp\htdocs\Practica-formulario\system\View\View.php(246): include()
#1 C:\xampp\htdocs\Practica-formulario\system\Common.php(1119): CodeIgniter\View\View->render('borrarAdmin', Array, true)
#2 C:\xampp\htdocs\Practica-formulario\app\Controllers\admin.php(18): view('borrarAdmin')
#3 C:\xampp\htdocs\Practica-formulario\system\CodeIgniter.php(918): App\Controllers\admin->borrar()
#4 C:\xampp\htdocs\Practica-formulario\system\CodeIgniter.php(404): CodeIgniter\CodeIgniter->runController(Object(App\Controllers\admin))
#5 C:\xampp\htdocs\Practica-formulario\system\CodeIgniter.php(312): CodeIgniter\CodeIgniter->handleRequest(NULL, Object(Config\Cache), false)
#6 C:\xampp\htdocs\Practica-formulario\index.php(45): CodeIgniter\CodeIgniter->run()
#7 {main}
CRITICAL - 2020-12-10 19:30:52 --> Call to undefined function borrar()
#0 C:\xampp\htdocs\Practica-formulario\system\View\View.php(246): include()
#1 C:\xampp\htdocs\Practica-formulario\system\Common.php(1119): CodeIgniter\View\View->render('borrarAdmin', Array, true)
#2 C:\xampp\htdocs\Practica-formulario\app\Controllers\admin.php(18): view('borrarAdmin')
#3 C:\xampp\htdocs\Practica-formulario\system\CodeIgniter.php(918): App\Controllers\admin->borrar()
#4 C:\xampp\htdocs\Practica-formulario\system\CodeIgniter.php(404): CodeIgniter\CodeIgniter->runController(Object(App\Controllers\admin))
#5 C:\xampp\htdocs\Practica-formulario\system\CodeIgniter.php(312): CodeIgniter\CodeIgniter->handleRequest(NULL, Object(Config\Cache), false)
#6 C:\xampp\htdocs\Practica-formulario\index.php(45): CodeIgniter\CodeIgniter->run()
#7 {main}
CRITICAL - 2020-12-10 19:30:52 --> Call to undefined function borrar()
#0 C:\xampp\htdocs\Practica-formulario\system\View\View.php(246): include()
#1 C:\xampp\htdocs\Practica-formulario\system\Common.php(1119): CodeIgniter\View\View->render('borrarAdmin', Array, true)
#2 C:\xampp\htdocs\Practica-formulario\app\Controllers\admin.php(18): view('borrarAdmin')
#3 C:\xampp\htdocs\Practica-formulario\system\CodeIgniter.php(918): App\Controllers\admin->borrar()
#4 C:\xampp\htdocs\Practica-formulario\system\CodeIgniter.php(404): CodeIgniter\CodeIgniter->runController(Object(App\Controllers\admin))
#5 C:\xampp\htdocs\Practica-formulario\system\CodeIgniter.php(312): CodeIgniter\CodeIgniter->handleRequest(NULL, Object(Config\Cache), false)
#6 C:\xampp\htdocs\Practica-formulario\index.php(45): CodeIgniter\CodeIgniter->run()
#7 {main}
CRITICAL - 2020-12-10 19:30:52 --> Call to undefined function borrar()
#0 C:\xampp\htdocs\Practica-formulario\system\View\View.php(246): include()
#1 C:\xampp\htdocs\Practica-formulario\system\Common.php(1119): CodeIgniter\View\View->render('borrarAdmin', Array, true)
#2 C:\xampp\htdocs\Practica-formulario\app\Controllers\admin.php(18): view('borrarAdmin')
#3 C:\xampp\htdocs\Practica-formulario\system\CodeIgniter.php(918): App\Controllers\admin->borrar()
#4 C:\xampp\htdocs\Practica-formulario\system\CodeIgniter.php(404): CodeIgniter\CodeIgniter->runController(Object(App\Controllers\admin))
#5 C:\xampp\htdocs\Practica-formulario\system\CodeIgniter.php(312): CodeIgniter\CodeIgniter->handleRequest(NULL, Object(Config\Cache), false)
#6 C:\xampp\htdocs\Practica-formulario\index.php(45): CodeIgniter\CodeIgniter->run()
#7 {main}
CRITICAL - 2020-12-10 19:30:52 --> Call to undefined function borrar()
#0 C:\xampp\htdocs\Practica-formulario\system\View\View.php(246): include()
#1 C:\xampp\htdocs\Practica-formulario\system\Common.php(1119): CodeIgniter\View\View->render('borrarAdmin', Array, true)
#2 C:\xampp\htdocs\Practica-formulario\app\Controllers\admin.php(18): view('borrarAdmin')
#3 C:\xampp\htdocs\Practica-formulario\system\CodeIgniter.php(918): App\Controllers\admin->borrar()
#4 C:\xampp\htdocs\Practica-formulario\system\CodeIgniter.php(404): CodeIgniter\CodeIgniter->runController(Object(App\Controllers\admin))
#5 C:\xampp\htdocs\Practica-formulario\system\CodeIgniter.php(312): CodeIgniter\CodeIgniter->handleRequest(NULL, Object(Config\Cache), false)
#6 C:\xampp\htdocs\Practica-formulario\index.php(45): CodeIgniter\CodeIgniter->run()
#7 {main}
CRITICAL - 2020-12-10 19:35:54 --> Call to undefined function borrar1()
#0 C:\xampp\htdocs\Practica-formulario\system\View\View.php(246): include()
#1 C:\xampp\htdocs\Practica-formulario\system\Common.php(1119): CodeIgniter\View\View->render('borrarAdmin', Array, true)
#2 C:\xampp\htdocs\Practica-formulario\app\Controllers\admin.php(18): view('borrarAdmin')
#3 C:\xampp\htdocs\Practica-formulario\system\CodeIgniter.php(918): App\Controllers\admin->borrar()
#4 C:\xampp\htdocs\Practica-formulario\system\CodeIgniter.php(404): CodeIgniter\CodeIgniter->runController(Object(App\Controllers\admin))
#5 C:\xampp\htdocs\Practica-formulario\system\CodeIgniter.php(312): CodeIgniter\CodeIgniter->handleRequest(NULL, Object(Config\Cache), false)
#6 C:\xampp\htdocs\Practica-formulario\index.php(45): CodeIgniter\CodeIgniter->run()
#7 {main}
CRITICAL - 2020-12-10 19:35:55 --> Call to undefined function borrar1()
#0 C:\xampp\htdocs\Practica-formulario\system\View\View.php(246): include()
#1 C:\xampp\htdocs\Practica-formulario\system\Common.php(1119): CodeIgniter\View\View->render('borrarAdmin', Array, true)
#2 C:\xampp\htdocs\Practica-formulario\app\Controllers\admin.php(18): view('borrarAdmin')
#3 C:\xampp\htdocs\Practica-formulario\system\CodeIgniter.php(918): App\Controllers\admin->borrar()
#4 C:\xampp\htdocs\Practica-formulario\system\CodeIgniter.php(404): CodeIgniter\CodeIgniter->runController(Object(App\Controllers\admin))
#5 C:\xampp\htdocs\Practica-formulario\system\CodeIgniter.php(312): CodeIgniter\CodeIgniter->handleRequest(NULL, Object(Config\Cache), false)
#6 C:\xampp\htdocs\Practica-formulario\index.php(45): CodeIgniter\CodeIgniter->run()
#7 {main}
CRITICAL - 2020-12-10 19:35:55 --> Call to undefined function borrar1()
#0 C:\xampp\htdocs\Practica-formulario\system\View\View.php(246): include()
#1 C:\xampp\htdocs\Practica-formulario\system\Common.php(1119): CodeIgniter\View\View->render('borrarAdmin', Array, true)
#2 C:\xampp\htdocs\Practica-formulario\app\Controllers\admin.php(18): view('borrarAdmin')
#3 C:\xampp\htdocs\Practica-formulario\system\CodeIgniter.php(918): App\Controllers\admin->borrar()
#4 C:\xampp\htdocs\Practica-formulario\system\CodeIgniter.php(404): CodeIgniter\CodeIgniter->runController(Object(App\Controllers\admin))
#5 C:\xampp\htdocs\Practica-formulario\system\CodeIgniter.php(312): CodeIgniter\CodeIgniter->handleRequest(NULL, Object(Config\Cache), false)
#6 C:\xampp\htdocs\Practica-formulario\index.php(45): CodeIgniter\CodeIgniter->run()
#7 {main}
CRITICAL - 2020-12-10 19:36:19 --> Call to undefined function borrar1()
#0 C:\xampp\htdocs\Practica-formulario\system\View\View.php(246): include()
#1 C:\xampp\htdocs\Practica-formulario\system\Common.php(1119): CodeIgniter\View\View->render('borrarAdmin', Array, true)
#2 C:\xampp\htdocs\Practica-formulario\app\Controllers\admin.php(18): view('borrarAdmin')
#3 C:\xampp\htdocs\Practica-formulario\system\CodeIgniter.php(918): App\Controllers\admin->borrar()
#4 C:\xampp\htdocs\Practica-formulario\system\CodeIgniter.php(404): CodeIgniter\CodeIgniter->runController(Object(App\Controllers\admin))
#5 C:\xampp\htdocs\Practica-formulario\system\CodeIgniter.php(312): CodeIgniter\CodeIgniter->handleRequest(NULL, Object(Config\Cache), false)
#6 C:\xampp\htdocs\Practica-formulario\index.php(45): CodeIgniter\CodeIgniter->run()
#7 {main}
CRITICAL - 2020-12-10 19:36:20 --> Call to undefined function borrar1()
#0 C:\xampp\htdocs\Practica-formulario\system\View\View.php(246): include()
#1 C:\xampp\htdocs\Practica-formulario\system\Common.php(1119): CodeIgniter\View\View->render('borrarAdmin', Array, true)
#2 C:\xampp\htdocs\Practica-formulario\app\Controllers\admin.php(18): view('borrarAdmin')
#3 C:\xampp\htdocs\Practica-formulario\system\CodeIgniter.php(918): App\Controllers\admin->borrar()
#4 C:\xampp\htdocs\Practica-formulario\system\CodeIgniter.php(404): CodeIgniter\CodeIgniter->runController(Object(App\Controllers\admin))
#5 C:\xampp\htdocs\Practica-formulario\system\CodeIgniter.php(312): CodeIgniter\CodeIgniter->handleRequest(NULL, Object(Config\Cache), false)
#6 C:\xampp\htdocs\Practica-formulario\index.php(45): CodeIgniter\CodeIgniter->run()
#7 {main}
CRITICAL - 2020-12-10 19:36:20 --> Call to undefined function borrar1()
#0 C:\xampp\htdocs\Practica-formulario\system\View\View.php(246): include()
#1 C:\xampp\htdocs\Practica-formulario\system\Common.php(1119): CodeIgniter\View\View->render('borrarAdmin', Array, true)
#2 C:\xampp\htdocs\Practica-formulario\app\Controllers\admin.php(18): view('borrarAdmin')
#3 C:\xampp\htdocs\Practica-formulario\system\CodeIgniter.php(918): App\Controllers\admin->borrar()
#4 C:\xampp\htdocs\Practica-formulario\system\CodeIgniter.php(404): CodeIgniter\CodeIgniter->runController(Object(App\Controllers\admin))
#5 C:\xampp\htdocs\Practica-formulario\system\CodeIgniter.php(312): CodeIgniter\CodeIgniter->handleRequest(NULL, Object(Config\Cache), false)
#6 C:\xampp\htdocs\Practica-formulario\index.php(45): CodeIgniter\CodeIgniter->run()
#7 {main}
CRITICAL - 2020-12-10 19:40:33 --> Invalid argument supplied for foreach()
#0 C:\xampp\htdocs\Practica-formulario\app\Views\tabla.php(11): CodeIgniter\Debug\Exceptions->errorHandler(2, 'Invalid argumen...', 'C:\\xampp\\htdocs...', 11, Array)
#1 C:\xampp\htdocs\Practica-formulario\system\View\View.php(246): include('C:\\xampp\\htdocs...')
#2 C:\xampp\htdocs\Practica-formulario\system\Common.php(1119): CodeIgniter\View\View->render('tabla', Array, true)
#3 C:\xampp\htdocs\Practica-formulario\app\Controllers\admin.php(18): view('tabla')
#4 C:\xampp\htdocs\Practica-formulario\system\CodeIgniter.php(918): App\Controllers\admin->borrar()
#5 C:\xampp\htdocs\Practica-formulario\system\CodeIgniter.php(404): CodeIgniter\CodeIgniter->runController(Object(App\Controllers\admin))
#6 C:\xampp\htdocs\Practica-formulario\system\CodeIgniter.php(312): CodeIgniter\CodeIgniter->handleRequest(NULL, Object(Config\Cache), false)
#7 C:\xampp\htdocs\Practica-formulario\index.php(45): CodeIgniter\CodeIgniter->run()
#8 {main}
CRITICAL - 2020-12-10 19:40:34 --> Invalid argument supplied for foreach()
#0 C:\xampp\htdocs\Practica-formulario\app\Views\tabla.php(11): CodeIgniter\Debug\Exceptions->errorHandler(2, 'Invalid argumen...', 'C:\\xampp\\htdocs...', 11, Array)
#1 C:\xampp\htdocs\Practica-formulario\system\View\View.php(246): include('C:\\xampp\\htdocs...')
#2 C:\xampp\htdocs\Practica-formulario\system\Common.php(1119): CodeIgniter\View\View->render('tabla', Array, true)
#3 C:\xampp\htdocs\Practica-formulario\app\Controllers\admin.php(18): view('tabla')
#4 C:\xampp\htdocs\Practica-formulario\system\CodeIgniter.php(918): App\Controllers\admin->borrar()
#5 C:\xampp\htdocs\Practica-formulario\system\CodeIgniter.php(404): CodeIgniter\CodeIgniter->runController(Object(App\Controllers\admin))
#6 C:\xampp\htdocs\Practica-formulario\system\CodeIgniter.php(312): CodeIgniter\CodeIgniter->handleRequest(NULL, Object(Config\Cache), false)
#7 C:\xampp\htdocs\Practica-formulario\index.php(45): CodeIgniter\CodeIgniter->run()
#8 {main}
CRITICAL - 2020-12-10 19:41:04 --> Invalid argument supplied for foreach()
#0 C:\xampp\htdocs\Practica-formulario\app\Views\tabla.php(11): CodeIgniter\Debug\Exceptions->errorHandler(2, 'Invalid argumen...', 'C:\\xampp\\htdocs...', 11, Array)
#1 C:\xampp\htdocs\Practica-formulario\system\View\View.php(246): include('C:\\xampp\\htdocs...')
#2 C:\xampp\htdocs\Practica-formulario\system\Common.php(1119): CodeIgniter\View\View->render('tabla', Array, true)
#3 C:\xampp\htdocs\Practica-formulario\app\Controllers\admin.php(18): view('tabla')
#4 C:\xampp\htdocs\Practica-formulario\system\CodeIgniter.php(918): App\Controllers\admin->borrar()
#5 C:\xampp\htdocs\Practica-formulario\system\CodeIgniter.php(404): CodeIgniter\CodeIgniter->runController(Object(App\Controllers\admin))
#6 C:\xampp\htdocs\Practica-formulario\system\CodeIgniter.php(312): CodeIgniter\CodeIgniter->handleRequest(NULL, Object(Config\Cache), false)
#7 C:\xampp\htdocs\Practica-formulario\index.php(45): CodeIgniter\CodeIgniter->run()
#8 {main}
CRITICAL - 2020-12-10 19:41:06 --> Invalid argument supplied for foreach()
#0 C:\xampp\htdocs\Practica-formulario\app\Views\tabla.php(11): CodeIgniter\Debug\Exceptions->errorHandler(2, 'Invalid argumen...', 'C:\\xampp\\htdocs...', 11, Array)
#1 C:\xampp\htdocs\Practica-formulario\system\View\View.php(246): include('C:\\xampp\\htdocs...')
#2 C:\xampp\htdocs\Practica-formulario\system\Common.php(1119): CodeIgniter\View\View->render('tabla', Array, true)
#3 C:\xampp\htdocs\Practica-formulario\app\Controllers\admin.php(18): view('tabla')
#4 C:\xampp\htdocs\Practica-formulario\system\CodeIgniter.php(918): App\Controllers\admin->borrar()
#5 C:\xampp\htdocs\Practica-formulario\system\CodeIgniter.php(404): CodeIgniter\CodeIgniter->runController(Object(App\Controllers\admin))
#6 C:\xampp\htdocs\Practica-formulario\system\CodeIgniter.php(312): CodeIgniter\CodeIgniter->handleRequest(NULL, Object(Config\Cache), false)
#7 C:\xampp\htdocs\Practica-formulario\index.php(45): CodeIgniter\CodeIgniter->run()
#8 {main}
CRITICAL - 2020-12-10 19:42:08 --> Invalid argument supplied for foreach()
#0 C:\xampp\htdocs\Practica-formulario\app\Views\tabla.php(11): CodeIgniter\Debug\Exceptions->errorHandler(2, 'Invalid argumen...', 'C:\\xampp\\htdocs...', 11, Array)
#1 C:\xampp\htdocs\Practica-formulario\system\View\View.php(246): include('C:\\xampp\\htdocs...')
#2 C:\xampp\htdocs\Practica-formulario\system\Common.php(1119): CodeIgniter\View\View->render('tabla', Array, true)
#3 C:\xampp\htdocs\Practica-formulario\app\Controllers\admin.php(14): view('tabla')
#4 C:\xampp\htdocs\Practica-formulario\system\CodeIgniter.php(918): App\Controllers\admin->borrar()
#5 C:\xampp\htdocs\Practica-formulario\system\CodeIgniter.php(404): CodeIgniter\CodeIgniter->runController(Object(App\Controllers\admin))
#6 C:\xampp\htdocs\Practica-formulario\system\CodeIgniter.php(312): CodeIgniter\CodeIgniter->handleRequest(NULL, Object(Config\Cache), false)
#7 C:\xampp\htdocs\Practica-formulario\index.php(45): CodeIgniter\CodeIgniter->run()
#8 {main}
CRITICAL - 2020-12-10 19:42:08 --> Invalid argument supplied for foreach()
#0 C:\xampp\htdocs\Practica-formulario\app\Views\tabla.php(11): CodeIgniter\Debug\Exceptions->errorHandler(2, 'Invalid argumen...', 'C:\\xampp\\htdocs...', 11, Array)
#1 C:\xampp\htdocs\Practica-formulario\system\View\View.php(246): include('C:\\xampp\\htdocs...')
#2 C:\xampp\htdocs\Practica-formulario\system\Common.php(1119): CodeIgniter\View\View->render('tabla', Array, true)
#3 C:\xampp\htdocs\Practica-formulario\app\Controllers\admin.php(14): view('tabla')
#4 C:\xampp\htdocs\Practica-formulario\system\CodeIgniter.php(918): App\Controllers\admin->borrar()
#5 C:\xampp\htdocs\Practica-formulario\system\CodeIgniter.php(404): CodeIgniter\CodeIgniter->runController(Object(App\Controllers\admin))
#6 C:\xampp\htdocs\Practica-formulario\system\CodeIgniter.php(312): CodeIgniter\CodeIgniter->handleRequest(NULL, Object(Config\Cache), false)
#7 C:\xampp\htdocs\Practica-formulario\index.php(45): CodeIgniter\CodeIgniter->run()
#8 {main}
CRITICAL - 2020-12-10 19:43:45 --> Invalid argument supplied for foreach()
#0 C:\xampp\htdocs\Practica-formulario\app\Views\tabla.php(11): CodeIgniter\Debug\Exceptions->errorHandler(2, 'Invalid argumen...', 'C:\\xampp\\htdocs...', 11, Array)
#1 C:\xampp\htdocs\Practica-formulario\system\View\View.php(246): include('C:\\xampp\\htdocs...')
#2 C:\xampp\htdocs\Practica-formulario\system\Common.php(1119): CodeIgniter\View\View->render('tabla', Array, true)
#3 C:\xampp\htdocs\Practica-formulario\app\Controllers\admin.php(14): view('tabla')
#4 C:\xampp\htdocs\Practica-formulario\system\CodeIgniter.php(918): App\Controllers\admin->borrar()
#5 C:\xampp\htdocs\Practica-formulario\system\CodeIgniter.php(404): CodeIgniter\CodeIgniter->runController(Object(App\Controllers\admin))
#6 C:\xampp\htdocs\Practica-formulario\system\CodeIgniter.php(312): CodeIgniter\CodeIgniter->handleRequest(NULL, Object(Config\Cache), false)
#7 C:\xampp\htdocs\Practica-formulario\index.php(45): CodeIgniter\CodeIgniter->run()
#8 {main}
CRITICAL - 2020-12-10 19:43:46 --> Invalid argument supplied for foreach()
#0 C:\xampp\htdocs\Practica-formulario\app\Views\tabla.php(11): CodeIgniter\Debug\Exceptions->errorHandler(2, 'Invalid argumen...', 'C:\\xampp\\htdocs...', 11, Array)
#1 C:\xampp\htdocs\Practica-formulario\system\View\View.php(246): include('C:\\xampp\\htdocs...')
#2 C:\xampp\htdocs\Practica-formulario\system\Common.php(1119): CodeIgniter\View\View->render('tabla', Array, true)
#3 C:\xampp\htdocs\Practica-formulario\app\Controllers\admin.php(14): view('tabla')
#4 C:\xampp\htdocs\Practica-formulario\system\CodeIgniter.php(918): App\Controllers\admin->borrar()
#5 C:\xampp\htdocs\Practica-formulario\system\CodeIgniter.php(404): CodeIgniter\CodeIgniter->runController(Object(App\Controllers\admin))
#6 C:\xampp\htdocs\Practica-formulario\system\CodeIgniter.php(312): CodeIgniter\CodeIgniter->handleRequest(NULL, Object(Config\Cache), false)
#7 C:\xampp\htdocs\Practica-formulario\index.php(45): CodeIgniter\CodeIgniter->run()
#8 {main}
CRITICAL - 2020-12-10 19:43:46 --> Invalid argument supplied for foreach()
#0 C:\xampp\htdocs\Practica-formulario\app\Views\tabla.php(11): CodeIgniter\Debug\Exceptions->errorHandler(2, 'Invalid argumen...', 'C:\\xampp\\htdocs...', 11, Array)
#1 C:\xampp\htdocs\Practica-formulario\system\View\View.php(246): include('C:\\xampp\\htdocs...')
#2 C:\xampp\htdocs\Practica-formulario\system\Common.php(1119): CodeIgniter\View\View->render('tabla', Array, true)
#3 C:\xampp\htdocs\Practica-formulario\app\Controllers\admin.php(14): view('tabla')
#4 C:\xampp\htdocs\Practica-formulario\system\CodeIgniter.php(918): App\Controllers\admin->borrar()
#5 C:\xampp\htdocs\Practica-formulario\system\CodeIgniter.php(404): CodeIgniter\CodeIgniter->runController(Object(App\Controllers\admin))
#6 C:\xampp\htdocs\Practica-formulario\system\CodeIgniter.php(312): CodeIgniter\CodeIgniter->handleRequest(NULL, Object(Config\Cache), false)
#7 C:\xampp\htdocs\Practica-formulario\index.php(45): CodeIgniter\CodeIgniter->run()
#8 {main}
CRITICAL - 2020-12-10 19:43:58 --> Invalid argument supplied for foreach()
#0 C:\xampp\htdocs\Practica-formulario\app\Views\tabla.php(11): CodeIgniter\Debug\Exceptions->errorHandler(2, 'Invalid argumen...', 'C:\\xampp\\htdocs...', 11, Array)
#1 C:\xampp\htdocs\Practica-formulario\system\View\View.php(246): include('C:\\xampp\\htdocs...')
#2 C:\xampp\htdocs\Practica-formulario\system\Common.php(1119): CodeIgniter\View\View->render('tabla', Array, true)
#3 C:\xampp\htdocs\Practica-formulario\app\Controllers\admin.php(14): view('tabla')
#4 C:\xampp\htdocs\Practica-formulario\system\CodeIgniter.php(918): App\Controllers\admin->borrar()
#5 C:\xampp\htdocs\Practica-formulario\system\CodeIgniter.php(404): CodeIgniter\CodeIgniter->runController(Object(App\Controllers\admin))
#6 C:\xampp\htdocs\Practica-formulario\system\CodeIgniter.php(312): CodeIgniter\CodeIgniter->handleRequest(NULL, Object(Config\Cache), false)
#7 C:\xampp\htdocs\Practica-formulario\index.php(45): CodeIgniter\CodeIgniter->run()
#8 {main}
CRITICAL - 2020-12-10 19:43:59 --> Invalid argument supplied for foreach()
#0 C:\xampp\htdocs\Practica-formulario\app\Views\tabla.php(11): CodeIgniter\Debug\Exceptions->errorHandler(2, 'Invalid argumen...', 'C:\\xampp\\htdocs...', 11, Array)
#1 C:\xampp\htdocs\Practica-formulario\system\View\View.php(246): include('C:\\xampp\\htdocs...')
#2 C:\xampp\htdocs\Practica-formulario\system\Common.php(1119): CodeIgniter\View\View->render('tabla', Array, true)
#3 C:\xampp\htdocs\Practica-formulario\app\Controllers\admin.php(14): view('tabla')
#4 C:\xampp\htdocs\Practica-formulario\system\CodeIgniter.php(918): App\Controllers\admin->borrar()
#5 C:\xampp\htdocs\Practica-formulario\system\CodeIgniter.php(404): CodeIgniter\CodeIgniter->runController(Object(App\Controllers\admin))
#6 C:\xampp\htdocs\Practica-formulario\system\CodeIgniter.php(312): CodeIgniter\CodeIgniter->handleRequest(NULL, Object(Config\Cache), false)
#7 C:\xampp\htdocs\Practica-formulario\index.php(45): CodeIgniter\CodeIgniter->run()
#8 {main}
CRITICAL - 2020-12-10 19:43:59 --> Invalid argument supplied for foreach()
#0 C:\xampp\htdocs\Practica-formulario\app\Views\tabla.php(11): CodeIgniter\Debug\Exceptions->errorHandler(2, 'Invalid argumen...', 'C:\\xampp\\htdocs...', 11, Array)
#1 C:\xampp\htdocs\Practica-formulario\system\View\View.php(246): include('C:\\xampp\\htdocs...')
#2 C:\xampp\htdocs\Practica-formulario\system\Common.php(1119): CodeIgniter\View\View->render('tabla', Array, true)
#3 C:\xampp\htdocs\Practica-formulario\app\Controllers\admin.php(14): view('tabla')
#4 C:\xampp\htdocs\Practica-formulario\system\CodeIgniter.php(918): App\Controllers\admin->borrar()
#5 C:\xampp\htdocs\Practica-formulario\system\CodeIgniter.php(404): CodeIgniter\CodeIgniter->runController(Object(App\Controllers\admin))
#6 C:\xampp\htdocs\Practica-formulario\system\CodeIgniter.php(312): CodeIgniter\CodeIgniter->handleRequest(NULL, Object(Config\Cache), false)
#7 C:\xampp\htdocs\Practica-formulario\index.php(45): CodeIgniter\CodeIgniter->run()
#8 {main}
CRITICAL - 2020-12-10 19:43:59 --> Invalid argument supplied for foreach()
#0 C:\xampp\htdocs\Practica-formulario\app\Views\tabla.php(11): CodeIgniter\Debug\Exceptions->errorHandler(2, 'Invalid argumen...', 'C:\\xampp\\htdocs...', 11, Array)
#1 C:\xampp\htdocs\Practica-formulario\system\View\View.php(246): include('C:\\xampp\\htdocs...')
#2 C:\xampp\htdocs\Practica-formulario\system\Common.php(1119): CodeIgniter\View\View->render('tabla', Array, true)
#3 C:\xampp\htdocs\Practica-formulario\app\Controllers\admin.php(14): view('tabla')
#4 C:\xampp\htdocs\Practica-formulario\system\CodeIgniter.php(918): App\Controllers\admin->borrar()
#5 C:\xampp\htdocs\Practica-formulario\system\CodeIgniter.php(404): CodeIgniter\CodeIgniter->runController(Object(App\Controllers\admin))
#6 C:\xampp\htdocs\Practica-formulario\system\CodeIgniter.php(312): CodeIgniter\CodeIgniter->handleRequest(NULL, Object(Config\Cache), false)
#7 C:\xampp\htdocs\Practica-formulario\index.php(45): CodeIgniter\CodeIgniter->run()
#8 {main}
CRITICAL - 2020-12-10 19:44:33 --> Call to undefined function App\Controllers\getPost()
#0 C:\xampp\htdocs\Practica-formulario\system\CodeIgniter.php(918): App\Controllers\admin->borrar1()
#1 C:\xampp\htdocs\Practica-formulario\system\CodeIgniter.php(404): CodeIgniter\CodeIgniter->runController(Object(App\Controllers\admin))
#2 C:\xampp\htdocs\Practica-formulario\system\CodeIgniter.php(312): CodeIgniter\CodeIgniter->handleRequest(NULL, Object(Config\Cache), false)
#3 C:\xampp\htdocs\Practica-formulario\index.php(45): CodeIgniter\CodeIgniter->run()
#4 {main}
CRITICAL - 2020-12-10 19:44:39 --> Call to undefined function App\Controllers\getPost()
#0 C:\xampp\htdocs\Practica-formulario\system\CodeIgniter.php(918): App\Controllers\admin->borrar1()
#1 C:\xampp\htdocs\Practica-formulario\system\CodeIgniter.php(404): CodeIgniter\CodeIgniter->runController(Object(App\Controllers\admin))
#2 C:\xampp\htdocs\Practica-formulario\system\CodeIgniter.php(312): CodeIgniter\CodeIgniter->handleRequest(NULL, Object(Config\Cache), false)
#3 C:\xampp\htdocs\Practica-formulario\index.php(45): CodeIgniter\CodeIgniter->run()
#4 {main}
CRITICAL - 2020-12-10 19:45:07 --> Call to undefined function App\Controllers\getPost()
#0 C:\xampp\htdocs\Practica-formulario\system\CodeIgniter.php(918): App\Controllers\admin->borrar1()
#1 C:\xampp\htdocs\Practica-formulario\system\CodeIgniter.php(404): CodeIgniter\CodeIgniter->runController(Object(App\Controllers\admin))
#2 C:\xampp\htdocs\Practica-formulario\system\CodeIgniter.php(312): CodeIgniter\CodeIgniter->handleRequest(NULL, Object(Config\Cache), false)
#3 C:\xampp\htdocs\Practica-formulario\index.php(45): CodeIgniter\CodeIgniter->run()
#4 {main}
CRITICAL - 2020-12-10 19:45:08 --> Call to undefined function App\Controllers\getPost()
#0 C:\xampp\htdocs\Practica-formulario\system\CodeIgniter.php(918): App\Controllers\admin->borrar1()
#1 C:\xampp\htdocs\Practica-formulario\system\CodeIgniter.php(404): CodeIgniter\CodeIgniter->runController(Object(App\Controllers\admin))
#2 C:\xampp\htdocs\Practica-formulario\system\CodeIgniter.php(312): CodeIgniter\CodeIgniter->handleRequest(NULL, Object(Config\Cache), false)
#3 C:\xampp\htdocs\Practica-formulario\index.php(45): CodeIgniter\CodeIgniter->run()
#4 {main}
CRITICAL - 2020-12-10 19:45:12 --> Call to undefined function App\Controllers\getPost()
#0 C:\xampp\htdocs\Practica-formulario\system\CodeIgniter.php(918): App\Controllers\admin->borrar1()
#1 C:\xampp\htdocs\Practica-formulario\system\CodeIgniter.php(404): CodeIgniter\CodeIgniter->runController(Object(App\Controllers\admin))
#2 C:\xampp\htdocs\Practica-formulario\system\CodeIgniter.php(312): CodeIgniter\CodeIgniter->handleRequest(NULL, Object(Config\Cache), false)
#3 C:\xampp\htdocs\Practica-formulario\index.php(45): CodeIgniter\CodeIgniter->run()
#4 {main}
